<?xml version="1.0" encoding="UTF-8"?>
<testng-results skipped="0" failed="0" ignored="0" total="2" passed="2">
  <reporter-output>
  </reporter-output>
  <suite name="Suite" duration-ms="48163" started-at="2017-10-22T05:11:03Z" finished-at="2017-10-22T05:11:51Z">
    <groups>
    </groups>
    <test name="Test" duration-ms="48163" started-at="2017-10-22T05:11:03Z" finished-at="2017-10-22T05:11:51Z">
      <class name="com.testcases.LoginTest">
        <test-method status="PASS" signature="init()[pri:0, instance:com.testcases.LoginTest@7225790e]" name="init" is-config="true" duration-ms="11966" started-at="2017-10-22T16:11:03Z" finished-at="2017-10-22T16:11:15Z">
          <reporter-output>
          </reporter-output>
        </test-method> <!-- init -->
        <test-method status="PASS" signature="testLogin()[pri:0, instance:com.testcases.LoginTest@7225790e]" name="testLogin" duration-ms="9776" started-at="2017-10-22T16:11:15Z" finished-at="2017-10-22T16:11:25Z">
          <reporter-output>
          </reporter-output>
        </test-method> <!-- testLogin -->
        <test-method status="PASS" signature="tearDown()[pri:0, instance:com.testcases.LoginTest@7225790e]" name="tearDown" is-config="true" duration-ms="396" started-at="2017-10-22T16:11:50Z" finished-at="2017-10-22T16:11:51Z">
          <reporter-output>
          </reporter-output>
        </test-method> <!-- tearDown -->
        <test-method status="PASS" signature="tearDown()[pri:0, instance:com.testcases.SettingsTest@54a097cc]" name="tearDown" is-config="true" duration-ms="751" started-at="2017-10-22T16:11:51Z" finished-at="2017-10-22T16:11:51Z">
          <reporter-output>
          </reporter-output>
        </test-method> <!-- tearDown -->
      </class> <!-- com.testcases.LoginTest -->
      <class name="com.testcases.SettingsTest">
        <test-method status="PASS" signature="init()[pri:0, instance:com.testcases.SettingsTest@54a097cc]" name="init" is-config="true" duration-ms="11690" started-at="2017-10-22T16:11:25Z" finished-at="2017-10-22T16:11:37Z">
          <reporter-output>
          </reporter-output>
        </test-method> <!-- init -->
        <test-method status="PASS" signature="settingsTest()[pri:0, instance:com.testcases.SettingsTest@54a097cc]" name="settingsTest" duration-ms="13558" started-at="2017-10-22T16:11:37Z" finished-at="2017-10-22T16:11:50Z">
          <reporter-output>
          </reporter-output>
        </test-method> <!-- settingsTest -->
      </class> <!-- com.testcases.SettingsTest -->
    </test> <!-- Test -->
  </suite> <!-- Suite -->
</testng-results>
